<?xml version="1.0" encoding="UTF-8"?>
<coverage generated="1443989805">
  <project timestamp="1443989805">
    <package name="DominionEnterprises\Util">
      <file name="/home/chadicus/projects/de/util-file-php/src/File.php">
        <class name="File" namespace="DominionEnterprises\Util">
          <metrics methods="2" coveredmethods="2" conditionals="0" coveredconditionals="0" statements="28" coveredstatements="28" elements="30" coveredelements="30"/>
        </class>
        <line num="27" type="method" name="deleteDirectoryContents" crap="9" count="6"/>
        <line num="29" type="stmt" count="6"/>
        <line num="30" type="stmt" count="1"/>
        <line num="33" type="stmt" count="5"/>
        <line num="34" type="stmt" count="5"/>
        <line num="35" type="stmt" count="1"/>
        <line num="38" type="stmt" count="4"/>
        <line num="39" type="stmt" count="4"/>
        <line num="40" type="stmt" count="4"/>
        <line num="43" type="stmt" count="3"/>
        <line num="45" type="stmt" count="3"/>
        <line num="46" type="stmt" count="2"/>
        <line num="47" type="stmt" count="2"/>
        <line num="48" type="stmt" count="1"/>
        <line num="50" type="stmt" count="1"/>
        <line num="51" type="stmt" count="2"/>
        <line num="52" type="stmt" count="1"/>
        <line num="55" type="stmt" count="3"/>
        <line num="56" type="stmt" count="3"/>
        <line num="68" type="method" name="delete" crap="7" count="6"/>
        <line num="70" type="stmt" count="6"/>
        <line num="71" type="stmt" count="2"/>
        <line num="74" type="stmt" count="4"/>
        <line num="75" type="stmt" count="1"/>
        <line num="79" type="stmt" count="3"/>
        <line num="80" type="stmt" count="2"/>
        <line num="82" type="stmt" count="3"/>
        <line num="83" type="stmt" count="2"/>
        <line num="84" type="stmt" count="2"/>
        <line num="87" type="stmt" count="1"/>
        <metrics loc="88" ncloc="58" classes="1" methods="2" coveredmethods="2" conditionals="0" coveredconditionals="0" statements="28" coveredstatements="28" elements="30" coveredelements="30"/>
      </file>
    </package>
    <metrics files="1" loc="88" ncloc="58" classes="1" methods="2" coveredmethods="2" conditionals="0" coveredconditionals="0" statements="28" coveredstatements="28" elements="30" coveredelements="30"/>
  </project>
</coverage>
